<?xml version="1.0" encoding="UTF-8"?>
<testsuite xmlns:xsi="http://www.w3.org/2001/XMLSchema-instance" xsi:noNamespaceSchemaLocation="https://maven.apache.org/surefire/maven-surefire-plugin/xsd/surefire-test-report-3.0.xsd" version="3.0" name="praktikum.BurgerReceiptParameterizedTest" time="0.002" tests="4" errors="0" skipped="0" failures="0">
  <properties>
[...]
</properties>
  <testcase name="testReceiptWithDifferentIngredients[No ingredients]" classname="praktikum.BurgerReceiptParameterizedTest" time="0.0"/>
  <testcase name="testReceiptWithDifferentIngredients[One filling]" classname="praktikum.BurgerReceiptParameterizedTest" time="0.0"/>
  <testcase name="testReceiptWithDifferentIngredients[Two fillings]" classname="praktikum.BurgerReceiptParameterizedTest" time="0.0"/>
  <testcase name="testReceiptWithDifferentIngredients[One sauce]" classname="praktikum.BurgerReceiptParameterizedTest" time="0.0"/>
</testsuite>